C51 COMPILER V9.50a   MAIN                                                                 04/30/2011 02:20:07 PAGE 1   


C51 COMPILER V9.50a, COMPILATION OF MODULE MAIN
OBJECT MODULE PLACED IN main.OBJ
COMPILER INVOKED BY: C:\Keil4\C51\BIN\C51.EXE main.c BROWSE DEBUG OBJECTEXTEND TABS(2)

line level    source

   1          /* VECTOR Final Project */
   2          /* LAN Based Data Acquisition System */
   3          
   4          #include"header.h"
   5          void lcd_display(float a,float b);
   6          void lcd_display_time(const char *tbuff);
   7          void uart_display_time(const char *tbuff);
   8          void uart_display(float a,float b);
   9          
  10          float a,b;
  11          
  12          main()
  13          {
  14   1        unsigned char temp1=0,tbuff[16];
  15   1        float a,b;
  16   1        
  17   1        lcdinit();  
  18   1        uartinit();
  19   1        rtcinit();
  20   1        upstring("Data in UART\n\r");
  21   1      
  22   1        while(1)
  23   1        {
  24   2           
  25   2            strcpy(tbuff,rtcread());
  26   2          
  27   2            a=read_adc(1);
  28   2            b=read_adc(0);
  29   2          
  30   2            lcd_display(a,b);
  31   2            lcd_display_time(tbuff);
  32   2            
  33   2            uart_display_time(tbuff);
  34   2            uart_display(a,b);
  35   2            // uart_tx('\r');
  36   2        }
  37   1      
  38   1      
  39   1      //    rtcread();
  40   1      /*
  41   1          if(temp1==0)//ch0
  42   1          {
  43   1            rtcread();
  44   1            
  45   1            lcdcmd(0x80);
  46   1            lcddata('1');
  47   1            lcddata(' ');
  48   1            b=read_adc(0);
  49   1            lcd_float(b);
  50   1            lcddata('v');
  51   1      
  52   1            uart_tx('1');
  53   1            uart_tx(' ');
  54   1            uart_float(b);
  55   1            uart_tx('v');
C51 COMPILER V9.50a   MAIN                                                                 04/30/2011 02:20:07 PAGE 2   

  56   1            upstring("  ");
  57   1            ms_delay(100);
  58   1      
  59   1      //      lcdcmd(0x86);
  60   1      //      lcddata(' ');
  61   1          }
  62   1          else if(temp1==1)
  63   1          {
  64   1            lcdcmd(0x89);
  65   1            lcddata('2');
  66   1            lcddata(' ');
  67   1            a=read_adc(1);
  68   1            lcd_integer(a);
  69   1            uart_tx('2');
  70   1            uart_tx(' ');
  71   1            uart_int(a);
  72   1            upstring("\r");
  73   1            ms_delay(100);
  74   1          }
  75   1          temp1++;
  76   1          if(temp1>1) temp1=0;
  77   1          
  78   1        } */
  79   1      }


MODULE INFORMATION:   STATIC OVERLAYABLE
   CODE SIZE        =   1350    ----
   CONSTANT SIZE    =     15    ----
   XDATA SIZE       =   ----    ----
   PDATA SIZE       =   ----    ----
   DATA SIZE        =      8      70
   IDATA SIZE       =   ----    ----
   BIT SIZE         =   ----    ----
END OF MODULE INFORMATION.


C51 COMPILATION COMPLETE.  0 WARNING(S),  0 ERROR(S)
